# Logfile created on 2013-12-28 00:06:23 +0800 by logger.rb/31641
I, [2013-12-28T00:06:23.907845 #944]  INFO -- : 0:  coderay (1.0.9) from /Users/shawnkuo67/.rvm/gems/ruby-1.9.3-p484/specifications/coderay-1.0.9.gemspec
I, [2013-12-28T00:06:27.095118 #944]  INFO -- : 0:  daemons (1.1.9) from /Users/shawnkuo67/.rvm/gems/ruby-1.9.3-p484/specifications/daemons-1.1.9.gemspec
I, [2013-12-28T00:06:44.922856 #944]  INFO -- : 0:  eventmachine (1.0.0) from /Users/shawnkuo67/.rvm/gems/ruby-1.9.3-p484/specifications/eventmachine-1.0.0.gemspec
I, [2013-12-28T00:06:47.871949 #944]  INFO -- : 0:  method_source (0.8.1) from /Users/shawnkuo67/.rvm/gems/ruby-1.9.3-p484/specifications/method_source-0.8.1.gemspec
I, [2013-12-28T00:06:50.612115 #944]  INFO -- : 0:  slop (3.4.4) from /Users/shawnkuo67/.rvm/gems/ruby-1.9.3-p484/specifications/slop-3.4.4.gemspec
I, [2013-12-28T00:06:56.583570 #944]  INFO -- : 0:  pry (0.9.12.1) from /Users/shawnkuo67/.rvm/gems/ruby-1.9.3-p484/specifications/pry-0.9.12.1.gemspec
I, [2013-12-28T00:06:59.502438 #944]  INFO -- : 0:  rack (1.5.2) from /Users/shawnkuo67/.rvm/gems/ruby-1.9.3-p484/specifications/rack-1.5.2.gemspec
I, [2013-12-28T00:07:02.015192 #944]  INFO -- : 0:  rack-protection (1.3.2) from /Users/shawnkuo67/.rvm/gems/ruby-1.9.3-p484/specifications/rack-protection-1.3.2.gemspec
I, [2013-12-28T00:07:05.277906 #944]  INFO -- : 0:  tilt (1.3.3) from /Users/shawnkuo67/.rvm/gems/ruby-1.9.3-p484/specifications/tilt-1.3.3.gemspec
I, [2013-12-28T00:07:09.961625 #944]  INFO -- : 0:  sinatra (1.3.4) from /Users/shawnkuo67/.rvm/gems/ruby-1.9.3-p484/specifications/sinatra-1.3.4.gemspec
I, [2013-12-28T00:07:14.397069 #944]  INFO -- : 0:  thin (1.5.0) from /Users/shawnkuo67/.rvm/gems/ruby-1.9.3-p484/specifications/thin-1.5.0.gemspec
I, [2013-12-28T00:07:14.397825 #944]  INFO -- : 0:  bundler (1.5.0) from /Users/shawnkuo67/.rvm/gems/ruby-1.9.3-p484/specifications/bundler-1.5.0.gemspec
I, [2013-12-28T00:11:28.902357 #1546]  INFO -- : 0:  coderay (1.0.9) from /Users/shawnkuo67/.rvm/gems/ruby-1.9.3-p484/specifications/coderay-1.0.9.gemspec
I, [2013-12-28T00:11:28.906323 #1546]  INFO -- : 0:  daemons (1.1.9) from /Users/shawnkuo67/.rvm/gems/ruby-1.9.3-p484/specifications/daemons-1.1.9.gemspec
I, [2013-12-28T00:11:28.906917 #1546]  INFO -- : 0:  eventmachine (1.0.0) from /Users/shawnkuo67/.rvm/gems/ruby-1.9.3-p484/specifications/eventmachine-1.0.0.gemspec
I, [2013-12-28T00:11:28.907415 #1546]  INFO -- : 0:  method_source (0.8.1) from /Users/shawnkuo67/.rvm/gems/ruby-1.9.3-p484/specifications/method_source-0.8.1.gemspec
I, [2013-12-28T00:11:28.907867 #1546]  INFO -- : 0:  slop (3.4.4) from /Users/shawnkuo67/.rvm/gems/ruby-1.9.3-p484/specifications/slop-3.4.4.gemspec
I, [2013-12-28T00:11:28.908278 #1546]  INFO -- : 0:  pry (0.9.12.1) from /Users/shawnkuo67/.rvm/gems/ruby-1.9.3-p484/specifications/pry-0.9.12.1.gemspec
I, [2013-12-28T00:11:28.908693 #1546]  INFO -- : 0:  rack (1.5.2) from /Users/shawnkuo67/.rvm/gems/ruby-1.9.3-p484/specifications/rack-1.5.2.gemspec
I, [2013-12-28T00:11:28.909145 #1546]  INFO -- : 0:  rack-protection (1.3.2) from /Users/shawnkuo67/.rvm/gems/ruby-1.9.3-p484/specifications/rack-protection-1.3.2.gemspec
I, [2013-12-28T00:11:28.909554 #1546]  INFO -- : 0:  tilt (1.3.3) from /Users/shawnkuo67/.rvm/gems/ruby-1.9.3-p484/specifications/tilt-1.3.3.gemspec
I, [2013-12-28T00:11:28.909957 #1546]  INFO -- : 0:  sinatra (1.3.4) from /Users/shawnkuo67/.rvm/gems/ruby-1.9.3-p484/specifications/sinatra-1.3.4.gemspec
I, [2013-12-28T00:11:28.910384 #1546]  INFO -- : 0:  thin (1.5.0) from /Users/shawnkuo67/.rvm/gems/ruby-1.9.3-p484/specifications/thin-1.5.0.gemspec
I, [2013-12-28T00:11:28.910795 #1546]  INFO -- : 0:  bundler (1.5.0) from /Users/shawnkuo67/.rvm/gems/ruby-1.9.3-p484/specifications/bundler-1.5.0.gemspec
I, [2013-12-28T00:20:15.956382 #1605]  INFO -- : 0:  coderay (1.0.9) from /Users/shawnkuo67/.rvm/gems/ruby-1.9.3-p484/specifications/coderay-1.0.9.gemspec
I, [2013-12-28T00:20:15.956980 #1605]  INFO -- : 0:  daemons (1.1.9) from /Users/shawnkuo67/.rvm/gems/ruby-1.9.3-p484/specifications/daemons-1.1.9.gemspec
I, [2013-12-28T00:20:15.957463 #1605]  INFO -- : 0:  eventmachine (1.0.0) from /Users/shawnkuo67/.rvm/gems/ruby-1.9.3-p484/specifications/eventmachine-1.0.0.gemspec
I, [2013-12-28T00:20:15.957896 #1605]  INFO -- : 0:  method_source (0.8.1) from /Users/shawnkuo67/.rvm/gems/ruby-1.9.3-p484/specifications/method_source-0.8.1.gemspec
I, [2013-12-28T00:20:15.958306 #1605]  INFO -- : 0:  slop (3.4.4) from /Users/shawnkuo67/.rvm/gems/ruby-1.9.3-p484/specifications/slop-3.4.4.gemspec
I, [2013-12-28T00:20:15.958711 #1605]  INFO -- : 0:  pry (0.9.12.1) from /Users/shawnkuo67/.rvm/gems/ruby-1.9.3-p484/specifications/pry-0.9.12.1.gemspec
I, [2013-12-28T00:20:15.959121 #1605]  INFO -- : 0:  rack (1.5.2) from /Users/shawnkuo67/.rvm/gems/ruby-1.9.3-p484/specifications/rack-1.5.2.gemspec
I, [2013-12-28T00:20:15.959583 #1605]  INFO -- : 0:  rack-protection (1.3.2) from /Users/shawnkuo67/.rvm/gems/ruby-1.9.3-p484/specifications/rack-protection-1.3.2.gemspec
I, [2013-12-28T00:20:15.959999 #1605]  INFO -- : 0:  tilt (1.3.3) from /Users/shawnkuo67/.rvm/gems/ruby-1.9.3-p484/specifications/tilt-1.3.3.gemspec
I, [2013-12-28T00:20:15.960432 #1605]  INFO -- : 0:  sinatra (1.3.4) from /Users/shawnkuo67/.rvm/gems/ruby-1.9.3-p484/specifications/sinatra-1.3.4.gemspec
I, [2013-12-28T00:20:15.960838 #1605]  INFO -- : 0:  thin (1.5.0) from /Users/shawnkuo67/.rvm/gems/ruby-1.9.3-p484/specifications/thin-1.5.0.gemspec
I, [2013-12-28T00:20:15.961236 #1605]  INFO -- : 0:  bundler (1.5.0) from /Users/shawnkuo67/.rvm/gems/ruby-1.9.3-p484/specifications/bundler-1.5.0.gemspec
I, [2013-12-30T11:52:38.923667 #1100]  INFO -- : 0:  coderay (1.0.9) from /Users/shawnkuo67/.rvm/gems/ruby-1.9.3-p484/specifications/coderay-1.0.9.gemspec
I, [2013-12-30T11:52:38.927277 #1100]  INFO -- : 0:  daemons (1.1.9) from /Users/shawnkuo67/.rvm/gems/ruby-1.9.3-p484/specifications/daemons-1.1.9.gemspec
I, [2013-12-30T11:52:38.927846 #1100]  INFO -- : 0:  eventmachine (1.0.0) from /Users/shawnkuo67/.rvm/gems/ruby-1.9.3-p484/specifications/eventmachine-1.0.0.gemspec
I, [2013-12-30T11:52:38.928290 #1100]  INFO -- : 0:  method_source (0.8.1) from /Users/shawnkuo67/.rvm/gems/ruby-1.9.3-p484/specifications/method_source-0.8.1.gemspec
I, [2013-12-30T11:52:38.928765 #1100]  INFO -- : 0:  slop (3.4.4) from /Users/shawnkuo67/.rvm/gems/ruby-1.9.3-p484/specifications/slop-3.4.4.gemspec
I, [2013-12-30T11:52:38.929229 #1100]  INFO -- : 0:  pry (0.9.12.1) from /Users/shawnkuo67/.rvm/gems/ruby-1.9.3-p484/specifications/pry-0.9.12.1.gemspec
I, [2013-12-30T11:52:38.929691 #1100]  INFO -- : 0:  rack (1.5.2) from /Users/shawnkuo67/.rvm/gems/ruby-1.9.3-p484/specifications/rack-1.5.2.gemspec
I, [2013-12-30T11:52:38.930185 #1100]  INFO -- : 0:  rack-protection (1.3.2) from /Users/shawnkuo67/.rvm/gems/ruby-1.9.3-p484/specifications/rack-protection-1.3.2.gemspec
I, [2013-12-30T11:52:38.930671 #1100]  INFO -- : 0:  tilt (1.3.3) from /Users/shawnkuo67/.rvm/gems/ruby-1.9.3-p484/specifications/tilt-1.3.3.gemspec
I, [2013-12-30T11:52:38.931158 #1100]  INFO -- : 0:  sinatra (1.3.4) from /Users/shawnkuo67/.rvm/gems/ruby-1.9.3-p484/specifications/sinatra-1.3.4.gemspec
I, [2013-12-30T11:52:38.931635 #1100]  INFO -- : 0:  thin (1.5.0) from /Users/shawnkuo67/.rvm/gems/ruby-1.9.3-p484/specifications/thin-1.5.0.gemspec
I, [2013-12-30T11:52:38.932093 #1100]  INFO -- : 0:  bundler (1.5.0) from /Users/shawnkuo67/.rvm/gems/ruby-1.9.3-p484/specifications/bundler-1.5.0.gemspec
